<?xml version="1.0" encoding="UTF-8"?>
<testsuite name="Number" tests="1" skipped="0" failures="0" errors="0" timestamp="2019-11-11T03:52:02" hostname="Avanis-MacBook-Pro.local" time="0.008">
  <properties/>
  <testcase name="givenOneOddNumber_WhenCheckedWeirdOrNotWeird_ThenReturnWeird()" classname="Number" time="0.008"/>
  <system-out><![CDATA[]]></system-out>
  <system-err><![CDATA[]]></system-err>
</testsuite>
